<?xml version="1.0" encoding="UTF-8"?>
<!-- Generated by org.testng.reporters.JUnitReportReporter -->
<testsuite hostname="DESKTOP-AQA9Q3B" failures="0" tests="1" name="testCases.TC03Logout" time="14.275" errors="0" timestamp="2023-11-06T00:29:15 BDT" skipped="0">
  <testcase classname="testCases.TC03Logout" name="Logout" time="14.275"/>
</testsuite> <!-- testCases.TC03Logout -->
