<?xml version="1.0" encoding="UTF-8"?>
<!-- Generated by org.testng.reporters.JUnitReportReporter -->
<testsuite hostname="DESKTOP-AQA9Q3B" failures="0" tests="5" name="testCases.TC02Organization" time="27.316" errors="0" timestamp="2023-11-06T00:29:15 BDT" skipped="0">
  <testcase classname="testCases.TC02Organization" name="addNewOrganization" time="8.486"/>
  <testcase classname="testCases.TC02Organization" name="editNewOrganization" time="6.833"/>
  <testcase classname="testCases.TC02Organization" name="searchOrganization" time="1.300"/>
  <testcase classname="testCases.TC02Organization" name="searchOrganization" time="1.397"/>
  <testcase classname="testCases.TC02Organization" name="deleteOrganization" time="9.300"/>
</testsuite> <!-- testCases.TC02Organization -->
