<?xml version="1.0" encoding="UTF-8"?>
<!-- Generated by org.testng.reporters.JUnitReportReporter -->
<testsuite hostname="DESKTOP-AQA9Q3B" failures="0" tests="1" name="testCases.TC01Login" time="13.711" errors="0" timestamp="2023-11-06T00:29:15 BDT" skipped="0">
  <testcase classname="testCases.TC01Login" name="Login" time="13.711"/>
</testsuite> <!-- testCases.TC01Login -->
